<?xml version="1.0" encoding="UTF-8"?>
<!-- Generated by org.testng.reporters.JUnitReportReporter -->
<testsuite hostname="usha" failures="0" tests="10" name="Hybrid.logincrm" time="39.162" errors="0" timestamp="2022-05-22T21:08:07 IST" skipped="0">
  <testcase classname="Hybrid.logincrm" name="loginApp" time="4.806"/>
  <system-out/>
  <testcase classname="Hybrid.logincrm" name="signupapp" time="7.461"/>
  <system-out/>
  <testcase classname="Hybrid.logincrm" name="searchupapp" time="4.868"/>
  <system-out/>
  <testcase classname="Hybrid.logincrm" name="Bedapp" time="8.889"/>
  <system-out/>
  <testcase classname="Hybrid.logincrm" name="Bedappcart" time="3.554"/>
  <system-out/>
  <testcase classname="Hybrid.logincrm" name="assertionaa" time="2.323"/>
  <system-out/>
  <testcase classname="Hybrid.logincrm" name="tvappcart" time="2.215"/>
  <system-out/>
  <testcase classname="Hybrid.logincrm" name="studyapp" time="3.969"/>
  <system-out/>
  <testcase classname="Hybrid.logincrm" name="aboutapp" time="0.618"/>
  <system-out/>
  <testcase classname="Hybrid.logincrm" name="infoapp" time="0.459"/>
  <system-out/>
</testsuite> <!-- Hybrid.logincrm -->
